<?xml version="1.0" encoding="UTF-8"?>
<!-- Generated by org.testng.reporters.JUnitXMLReporter -->
<testsuite hostname="DESKTOP-LV3HIA2" ignored="0" name="Free CRM App Test Cases" tests="7" failures="0" timestamp="14 Feb 2020 04:08:44 GMT" time="179.147" errors="0">
  <testcase name="loginPageTitleTest1" time="0.08" classname="com.crm.qa.testsCases.LoginPageTest"/>
  <testcase name="loginTest" time="6.012" classname="com.crm.qa.testsCases.LoginPageTest"/>
  <testcase name="newContactTest" time="5.446" classname="com.crm.qa.testsCases.ContactsPageTest"/>
  <testcase name="newContactTest" time="4.995" classname="com.crm.qa.testsCases.ContactsPageTest"/>
  <testcase name="newContactTest" time="4.94" classname="com.crm.qa.testsCases.ContactsPageTest"/>
  <testcase name="newContactTest" time="5.279" classname="com.crm.qa.testsCases.ContactsPageTest"/>
  <testcase name="newContactTest" time="4.764" classname="com.crm.qa.testsCases.ContactsPageTest"/>
</testsuite> <!-- Free CRM App Test Cases -->
