<?xml version="1.0" encoding="UTF-8"?>
<!-- Generated by org.testng.reporters.JUnitXMLReporter -->
<testsuite hostname="DESKTOP-LV3HIA2" ignored="0" name="Default test" tests="3" failures="0" timestamp="27 Sep 2019 02:38:30 GMT" time="52.609" errors="0">
  <testcase name="loginPageTitleTest" time="0.044" classname="com.crm.qa.testsCases.LoginPageTest"/>
  <testcase name="amazonLogoImageTest" time="0.08" classname="com.crm.qa.testsCases.LoginPageTest"/>
  <testcase name="loginTest" time="13.079" classname="com.crm.qa.testsCases.LoginPageTest"/>
</testsuite> <!-- Default test -->
